[17:39:28] [DEBUG] Loading API from .\ScriptHookVDotNet2.dll ...
[17:39:28] [DEBUG] Loading API from .\ScriptHookVDotNet3.dll ...
[17:39:28] [DEBUG] Initializing NativeMemory members...
[17:39:29] [DEBUG] Loading scripts from C:\Program Files\Epic Games\GTAV\scripts ...
[17:39:29] [DEBUG] Loading assembly Newtonsoft.Json.dll ...
[17:39:29] [INFO] Found no compatible scripts in Newtonsoft.Json.dll but loaded for scripts.
[17:39:29] [DEBUG] Loading assembly REALIS.dll ...
[17:39:29] [INFO] Found 9 script(s) in REALIS.dll resolved to API version 3.7.0 (target API version: 3.7.0).
[17:39:29] [DEBUG] Instantiating script CriminalRecordDemo ...
[17:39:29] [INFO] Started script CriminalRecordDemo.
[17:39:29] [DEBUG] Instantiating script CriminalRecordIntegration ...
[17:39:29] [INFO] Started script CriminalRecordIntegration.
[17:39:29] [DEBUG] Instantiating script CriminalRecordSystem ...
[17:39:29] [INFO] Started script CriminalRecordSystem.
[17:39:29] [DEBUG] Instantiating script NPCRoadRage ...
[17:39:29] [INFO] Started script NPCRoadRage.
[17:39:29] [DEBUG] Instantiating script REALIS.UrbanLife.UrbanLifeMain ...
[17:39:29] [INFO] Started script REALIS.UrbanLife.UrbanLifeMain.
[17:39:29] [DEBUG] Instantiating script RealisticFuelSystem ...
[17:39:29] [INFO] Started script RealisticFuelSystem.
[17:39:29] [DEBUG] Instantiating script RealisticTyreWearAndTemperature ...
[17:39:29] [INFO] Started script RealisticTyreWearAndTemperature.
[17:39:29] [DEBUG] Instantiating script RealisticVehicleHandling ...
[17:39:29] [INFO] Started script RealisticVehicleHandling.
[17:39:29] [DEBUG] Instantiating script RPAP.RealisticVehicleIntegrity ...
[17:39:29] [INFO] Started script RPAP.RealisticVehicleIntegrity.
